<?xml version="1.0" encoding="UTF-8"?>
<!-- Generated by org.testng.reporters.JUnitReportReporter -->
<testsuite hostname="DESKTOP-DPRSV8L" failures="0" tests="3" name="com.qa.testcases.LoginTC" time="28.819" errors="0" timestamp="2024-10-27T18:24:42 IST" skipped="0">
  <testcase classname="com.qa.testcases.LoginTC" name="loginWithEmail" time="8.809"/>
  <testcase classname="com.qa.testcases.LoginTC" name="loginWithInValidCredentials" time="9.937"/>
  <testcase classname="com.qa.testcases.LoginTC" name="loginWithValidCredentials" time="10.073"/>
</testsuite> <!-- com.qa.testcases.LoginTC -->
